20-Apr-2018 17:59:12.459 INFO [main] org.apache.catalina.core.AprLifecycleListener.lifecycleEvent The APR based Apache Tomcat Native library which allows optimal performance in production environments was not found on the java.library.path: C:\EXXO-2-7-2\jdk\bin;C:\WINDOWS\Sun\Java\bin;C:\WINDOWS\system32;C:\WINDOWS;C:\EXXO-2-7-2\pgsql\bin;C:\EXXO-2-7-2\jdk\bin;C:\EXXO-2-7-2\ant-1.8.2\bin;C:\Program Files\Java\jdk1.8.0_161\bin;C:\ProgramData\Oracle\Java\javapath;C:\WINDOWS\system32;C:\WINDOWS;C:\WINDOWS\System32\Wbem;C:\WINDOWS\System32\WindowsPowerShell\v1.0\;C:\Program Files (x86)\Skype\Phone\;C:\Program Files\PuTTY\;C:\Users\irkan.ahmadov\AppData\Local\Microsoft\WindowsApps;;.
20-Apr-2018 17:59:14.254 INFO [main] org.apache.coyote.AbstractProtocol.init Initializing ProtocolHandler ["http-nio-80"]
20-Apr-2018 17:59:14.941 INFO [main] org.apache.tomcat.util.net.NioSelectorPool.getSharedSelector Using a shared selector for servlet write/read
20-Apr-2018 17:59:14.955 INFO [main] org.apache.coyote.AbstractProtocol.init Initializing ProtocolHandler ["ajp-nio-8009"]
20-Apr-2018 17:59:14.957 INFO [main] org.apache.tomcat.util.net.NioSelectorPool.getSharedSelector Using a shared selector for servlet write/read
20-Apr-2018 17:59:14.957 INFO [main] org.apache.catalina.startup.Catalina.load Initialization processed in 4999 ms
20-Apr-2018 17:59:15.111 INFO [main] org.apache.catalina.core.StandardService.startInternal Starting service Catalina
20-Apr-2018 17:59:15.111 INFO [main] org.apache.catalina.core.StandardEngine.startInternal Starting Servlet Engine: Apache Tomcat/8.5.9
20-Apr-2018 17:59:15.603 INFO [localhost-startStop-1] org.apache.catalina.startup.HostConfig.deployDirectory Deploying web application directory C:\EXXO-2-7-2\tomcat\webapps\EXXO
20-Apr-2018 17:59:15.779 WARNING [localhost-startStop-1] org.apache.catalina.startup.SetContextPropertiesRule.begin [SetContextPropertiesRule]{Context} Setting property 'anantiJARLocking' to 'true' did not find a matching property.
20-Apr-2018 17:59:26.907 INFO [localhost-startStop-1] org.apache.jasper.servlet.TldScanner.scanJars At least one JAR was scanned for TLDs yet contained no TLDs. Enable debug logging for this logger for a complete list of JARs that were scanned but no TLDs were found in them. Skipping unneeded JARs during scanning can improve startup time and JSP compilation time.
20-Apr-2018 17:59:27.176 INFO [localhost-startStop-1] com.sun.faces.config.ConfigureListener.contextInitialized Initializing Mojarra 2.2.8 ( 20140814-1418 https://svn.java.net/svn/mojarra~svn/tags/2.2.8@13507) for context '/EXXO'
20-Apr-2018 17:59:27.612 INFO [localhost-startStop-1] com.sun.faces.spi.InjectionProviderFactory.createInstance JSF1048: PostConstruct/PreDestroy annotations present.  ManagedBeans methods marked with these annotations will have said annotations processed.
20-Apr-2018 17:59:29.201 INFO [localhost-startStop-1] org.primefaces.webapp.PostConstructApplicationEventListener.processEvent Running on PrimeFaces 5.3
20-Apr-2018 17:59:29.252 INFO [localhost-startStop-1] org.apache.catalina.startup.HostConfig.deployDirectory Deployment of web application directory C:\EXXO-2-7-2\tomcat\webapps\EXXO has finished in 13,629 ms
20-Apr-2018 17:59:29.252 INFO [localhost-startStop-1] org.apache.catalina.startup.HostConfig.deployDirectory Deploying web application directory C:\EXXO-2-7-2\tomcat\webapps\FILES
20-Apr-2018 17:59:29.289 WARNING [localhost-startStop-1] org.apache.catalina.startup.SetContextPropertiesRule.begin [SetContextPropertiesRule]{Context} Setting property 'antiJARLocking' to 'true' did not find a matching property.
20-Apr-2018 17:59:29.440 INFO [localhost-startStop-1] org.apache.jasper.servlet.TldScanner.scanJars At least one JAR was scanned for TLDs yet contained no TLDs. Enable debug logging for this logger for a complete list of JARs that were scanned but no TLDs were found in them. Skipping unneeded JARs during scanning can improve startup time and JSP compilation time.
20-Apr-2018 17:59:29.445 INFO [localhost-startStop-1] org.apache.catalina.startup.HostConfig.deployDirectory Deployment of web application directory C:\EXXO-2-7-2\tomcat\webapps\FILES has finished in 193 ms
20-Apr-2018 17:59:29.467 INFO [localhost-startStop-1] org.apache.catalina.startup.HostConfig.deployDirectory Deploying web application directory C:\EXXO-2-7-2\tomcat\webapps\ROOT
20-Apr-2018 17:59:29.486 WARNING [localhost-startStop-1] org.apache.catalina.startup.SetContextPropertiesRule.begin [SetContextPropertiesRule]{Context} Setting property 'antiJARLocking' to 'true' did not find a matching property.
20-Apr-2018 17:59:29.621 INFO [localhost-startStop-1] org.apache.jasper.servlet.TldScanner.scanJars At least one JAR was scanned for TLDs yet contained no TLDs. Enable debug logging for this logger for a complete list of JARs that were scanned but no TLDs were found in them. Skipping unneeded JARs during scanning can improve startup time and JSP compilation time.
20-Apr-2018 17:59:29.633 INFO [localhost-startStop-1] org.apache.catalina.startup.HostConfig.deployDirectory Deployment of web application directory C:\EXXO-2-7-2\tomcat\webapps\ROOT has finished in 187 ms
20-Apr-2018 17:59:29.633 INFO [localhost-startStop-1] org.apache.catalina.startup.HostConfig.deployDirectory Deploying web application directory C:\EXXO-2-7-2\tomcat\webapps\START
20-Apr-2018 17:59:29.650 WARNING [localhost-startStop-1] org.apache.catalina.startup.SetContextPropertiesRule.begin [SetContextPropertiesRule]{Context} Setting property 'antiJARLocking' to 'true' did not find a matching property.
20-Apr-2018 17:59:30.878 INFO [localhost-startStop-1] org.apache.jasper.servlet.TldScanner.scanJars At least one JAR was scanned for TLDs yet contained no TLDs. Enable debug logging for this logger for a complete list of JARs that were scanned but no TLDs were found in them. Skipping unneeded JARs during scanning can improve startup time and JSP compilation time.
20-Apr-2018 17:59:31.032 INFO [localhost-startStop-1] com.sun.faces.config.ConfigureListener.contextInitialized Initializing Mojarra 2.2.7 ( 20140610-1547 https://svn.java.net/svn/mojarra~svn/tags/2.2.7@13362) for context '/START'
20-Apr-2018 17:59:31.210 INFO [localhost-startStop-1] com.sun.faces.spi.InjectionProviderFactory.createInstance JSF1048: PostConstruct/PreDestroy annotations present.  ManagedBeans methods marked with these annotations will have said annotations processed.
20-Apr-2018 17:59:32.027 INFO [localhost-startStop-1] org.apache.catalina.startup.HostConfig.deployDirectory Deployment of web application directory C:\EXXO-2-7-2\tomcat\webapps\START has finished in 2,394 ms
20-Apr-2018 17:59:32.028 INFO [localhost-startStop-1] org.apache.catalina.startup.HostConfig.deployDirectory Deploying web application directory C:\EXXO-2-7-2\tomcat\webapps\WELLCOME
20-Apr-2018 17:59:32.060 WARNING [localhost-startStop-1] org.apache.catalina.startup.SetContextPropertiesRule.begin [SetContextPropertiesRule]{Context} Setting property 'antiJARLocking' to 'true' did not find a matching property.
20-Apr-2018 17:59:33.188 INFO [localhost-startStop-1] org.apache.jasper.servlet.TldScanner.scanJars At least one JAR was scanned for TLDs yet contained no TLDs. Enable debug logging for this logger for a complete list of JARs that were scanned but no TLDs were found in them. Skipping unneeded JARs during scanning can improve startup time and JSP compilation time.
20-Apr-2018 17:59:33.337 INFO [localhost-startStop-1] com.sun.faces.config.ConfigureListener.contextInitialized Initializing Mojarra 2.2.7 ( 20140610-1547 https://svn.java.net/svn/mojarra~svn/tags/2.2.7@13362) for context '/WELLCOME'
20-Apr-2018 17:59:33.469 INFO [localhost-startStop-1] com.sun.faces.spi.InjectionProviderFactory.createInstance JSF1048: PostConstruct/PreDestroy annotations present.  ManagedBeans methods marked with these annotations will have said annotations processed.
20-Apr-2018 17:59:34.257 INFO [localhost-startStop-1] org.apache.catalina.startup.HostConfig.deployDirectory Deployment of web application directory C:\EXXO-2-7-2\tomcat\webapps\WELLCOME has finished in 2,228 ms
20-Apr-2018 17:59:34.263 INFO [main] org.apache.coyote.AbstractProtocol.start Starting ProtocolHandler [http-nio-80]
20-Apr-2018 17:59:34.334 INFO [main] org.apache.coyote.AbstractProtocol.start Starting ProtocolHandler [ajp-nio-8009]
20-Apr-2018 17:59:34.338 INFO [main] org.apache.catalina.startup.Catalina.start Server startup in 19380 ms
20-Apr-2018 19:34:37.101 INFO [Thread-5] org.apache.coyote.AbstractProtocol.pause Pausing ProtocolHandler ["http-nio-80"]
20-Apr-2018 19:34:37.230 INFO [Thread-5] org.apache.coyote.AbstractProtocol.pause Pausing ProtocolHandler ["ajp-nio-8009"]
20-Apr-2018 19:34:37.348 INFO [Thread-5] org.apache.catalina.core.StandardService.stopInternal Stopping service Catalina
20-Apr-2018 19:34:37.694 INFO [Thread-5] org.apache.coyote.AbstractProtocol.stop Stopping ProtocolHandler ["http-nio-80"]
20-Apr-2018 19:34:37.700 INFO [Thread-5] org.apache.coyote.AbstractProtocol.stop Stopping ProtocolHandler ["ajp-nio-8009"]
20-Apr-2018 19:34:37.703 INFO [Thread-5] org.apache.coyote.AbstractProtocol.destroy Destroying ProtocolHandler ["http-nio-80"]
20-Apr-2018 19:34:37.705 INFO [Thread-5] org.apache.coyote.AbstractProtocol.destroy Destroying ProtocolHandler ["ajp-nio-8009"]
