04-Jun-2018 11:55:01.027 INFO [main] org.apache.catalina.core.AprLifecycleListener.lifecycleEvent The APR based Apache Tomcat Native library which allows optimal performance in production environments was not found on the java.library.path: C:\Users\irkan\Desktop\SVN_Intranet\jdk\bin;C:\Windows\Sun\Java\bin;C:\Windows\system32;C:\Windows;C:\Users\irkan\Desktop\SVN_Intranet\pgsql\bin;C:\Users\irkan\Desktop\SVN_Intranet\jdk\bin;C:\Users\irkan\Desktop\SVN_Intranet\ant-1.8.2\bin;C:\Windows\system32;C:\Windows;C:\Windows\System32\Wbem;C:\Windows\System32\WindowsPowerShell\v1.0\;C:\Program Files\TortoiseSVN\bin;.
04-Jun-2018 11:55:01.277 INFO [main] org.apache.coyote.AbstractProtocol.init Initializing ProtocolHandler ["http-nio-80"]
04-Jun-2018 11:55:01.542 INFO [main] org.apache.tomcat.util.net.NioSelectorPool.getSharedSelector Using a shared selector for servlet write/read
04-Jun-2018 11:55:01.542 INFO [main] org.apache.coyote.AbstractProtocol.init Initializing ProtocolHandler ["ajp-nio-8009"]
04-Jun-2018 11:55:01.558 INFO [main] org.apache.tomcat.util.net.NioSelectorPool.getSharedSelector Using a shared selector for servlet write/read
04-Jun-2018 11:55:01.558 INFO [main] org.apache.catalina.startup.Catalina.load Initialization processed in 1225 ms
04-Jun-2018 11:55:01.589 INFO [main] org.apache.catalina.core.StandardService.startInternal Starting service Catalina
04-Jun-2018 11:55:01.589 INFO [main] org.apache.catalina.core.StandardEngine.startInternal Starting Servlet Engine: Apache Tomcat/8.5.9
04-Jun-2018 11:55:01.746 INFO [localhost-startStop-1] org.apache.catalina.startup.HostConfig.deployDirectory Deploying web application directory C:\Users\irkan\Desktop\SVN_Intranet\tomcat\webapps\EXXO
04-Jun-2018 11:55:01.808 WARNING [localhost-startStop-1] org.apache.catalina.startup.SetContextPropertiesRule.begin [SetContextPropertiesRule]{Context} Setting property 'anantiJARLocking' to 'true' did not find a matching property.
04-Jun-2018 11:55:05.168 INFO [localhost-startStop-1] org.apache.jasper.servlet.TldScanner.scanJars At least one JAR was scanned for TLDs yet contained no TLDs. Enable debug logging for this logger for a complete list of JARs that were scanned but no TLDs were found in them. Skipping unneeded JARs during scanning can improve startup time and JSP compilation time.
04-Jun-2018 11:55:05.356 INFO [localhost-startStop-1] com.sun.faces.config.ConfigureListener.contextInitialized Initializing Mojarra 2.2.8 ( 20140814-1418 https://svn.java.net/svn/mojarra~svn/tags/2.2.8@13507) for context '/EXXO'
04-Jun-2018 11:55:05.653 INFO [localhost-startStop-1] com.sun.faces.spi.InjectionProviderFactory.createInstance JSF1048: PostConstruct/PreDestroy annotations present.  ManagedBeans methods marked with these annotations will have said annotations processed.
04-Jun-2018 11:55:07.888 INFO [localhost-startStop-1] org.primefaces.webapp.PostConstructApplicationEventListener.processEvent Running on PrimeFaces 5.3
04-Jun-2018 11:55:07.919 INFO [localhost-startStop-1] org.apache.catalina.startup.HostConfig.deployDirectory Deployment of web application directory C:\Users\irkan\Desktop\SVN_Intranet\tomcat\webapps\EXXO has finished in 6,173 ms
04-Jun-2018 11:55:07.919 INFO [localhost-startStop-1] org.apache.catalina.startup.HostConfig.deployDirectory Deploying web application directory C:\Users\irkan\Desktop\SVN_Intranet\tomcat\webapps\FILES
04-Jun-2018 11:55:07.919 WARNING [localhost-startStop-1] org.apache.catalina.startup.SetContextPropertiesRule.begin [SetContextPropertiesRule]{Context} Setting property 'antiJARLocking' to 'true' did not find a matching property.
04-Jun-2018 11:55:08.060 INFO [localhost-startStop-1] org.apache.jasper.servlet.TldScanner.scanJars At least one JAR was scanned for TLDs yet contained no TLDs. Enable debug logging for this logger for a complete list of JARs that were scanned but no TLDs were found in them. Skipping unneeded JARs during scanning can improve startup time and JSP compilation time.
04-Jun-2018 11:55:08.060 INFO [localhost-startStop-1] org.apache.catalina.startup.HostConfig.deployDirectory Deployment of web application directory C:\Users\irkan\Desktop\SVN_Intranet\tomcat\webapps\FILES has finished in 141 ms
04-Jun-2018 11:55:08.060 INFO [localhost-startStop-1] org.apache.catalina.startup.HostConfig.deployDirectory Deploying web application directory C:\Users\irkan\Desktop\SVN_Intranet\tomcat\webapps\ROOT
04-Jun-2018 11:55:08.075 WARNING [localhost-startStop-1] org.apache.catalina.startup.SetContextPropertiesRule.begin [SetContextPropertiesRule]{Context} Setting property 'antiJARLocking' to 'true' did not find a matching property.
04-Jun-2018 11:55:08.216 INFO [localhost-startStop-1] org.apache.jasper.servlet.TldScanner.scanJars At least one JAR was scanned for TLDs yet contained no TLDs. Enable debug logging for this logger for a complete list of JARs that were scanned but no TLDs were found in them. Skipping unneeded JARs during scanning can improve startup time and JSP compilation time.
04-Jun-2018 11:55:08.216 INFO [localhost-startStop-1] org.apache.catalina.startup.HostConfig.deployDirectory Deployment of web application directory C:\Users\irkan\Desktop\SVN_Intranet\tomcat\webapps\ROOT has finished in 156 ms
04-Jun-2018 11:55:08.216 INFO [localhost-startStop-1] org.apache.catalina.startup.HostConfig.deployDirectory Deploying web application directory C:\Users\irkan\Desktop\SVN_Intranet\tomcat\webapps\START
04-Jun-2018 11:55:08.231 WARNING [localhost-startStop-1] org.apache.catalina.startup.SetContextPropertiesRule.begin [SetContextPropertiesRule]{Context} Setting property 'antiJARLocking' to 'true' did not find a matching property.
04-Jun-2018 11:55:08.872 INFO [localhost-startStop-1] org.apache.jasper.servlet.TldScanner.scanJars At least one JAR was scanned for TLDs yet contained no TLDs. Enable debug logging for this logger for a complete list of JARs that were scanned but no TLDs were found in them. Skipping unneeded JARs during scanning can improve startup time and JSP compilation time.
04-Jun-2018 11:55:09.013 INFO [localhost-startStop-1] com.sun.faces.config.ConfigureListener.contextInitialized Initializing Mojarra 2.2.7 ( 20140610-1547 https://svn.java.net/svn/mojarra~svn/tags/2.2.7@13362) for context '/START'
04-Jun-2018 11:55:09.154 INFO [localhost-startStop-1] com.sun.faces.spi.InjectionProviderFactory.createInstance JSF1048: PostConstruct/PreDestroy annotations present.  ManagedBeans methods marked with these annotations will have said annotations processed.
04-Jun-2018 11:55:09.888 INFO [localhost-startStop-1] org.apache.catalina.startup.HostConfig.deployDirectory Deployment of web application directory C:\Users\irkan\Desktop\SVN_Intranet\tomcat\webapps\START has finished in 1,672 ms
04-Jun-2018 11:55:09.888 INFO [localhost-startStop-1] org.apache.catalina.startup.HostConfig.deployDirectory Deploying web application directory C:\Users\irkan\Desktop\SVN_Intranet\tomcat\webapps\WELLCOME
04-Jun-2018 11:55:09.904 WARNING [localhost-startStop-1] org.apache.catalina.startup.SetContextPropertiesRule.begin [SetContextPropertiesRule]{Context} Setting property 'antiJARLocking' to 'true' did not find a matching property.
04-Jun-2018 11:55:10.544 INFO [localhost-startStop-1] org.apache.jasper.servlet.TldScanner.scanJars At least one JAR was scanned for TLDs yet contained no TLDs. Enable debug logging for this logger for a complete list of JARs that were scanned but no TLDs were found in them. Skipping unneeded JARs during scanning can improve startup time and JSP compilation time.
04-Jun-2018 11:55:10.669 INFO [localhost-startStop-1] com.sun.faces.config.ConfigureListener.contextInitialized Initializing Mojarra 2.2.7 ( 20140610-1547 https://svn.java.net/svn/mojarra~svn/tags/2.2.7@13362) for context '/WELLCOME'
04-Jun-2018 11:55:10.795 INFO [localhost-startStop-1] com.sun.faces.spi.InjectionProviderFactory.createInstance JSF1048: PostConstruct/PreDestroy annotations present.  ManagedBeans methods marked with these annotations will have said annotations processed.
04-Jun-2018 11:55:11.826 INFO [localhost-startStop-1] org.apache.catalina.startup.HostConfig.deployDirectory Deployment of web application directory C:\Users\irkan\Desktop\SVN_Intranet\tomcat\webapps\WELLCOME has finished in 1,938 ms
04-Jun-2018 11:55:11.842 INFO [main] org.apache.coyote.AbstractProtocol.start Starting ProtocolHandler [http-nio-80]
04-Jun-2018 11:55:11.842 INFO [main] org.apache.coyote.AbstractProtocol.start Starting ProtocolHandler [ajp-nio-8009]
04-Jun-2018 11:55:11.857 INFO [main] org.apache.catalina.startup.Catalina.start Server startup in 10293 ms
