03-Jul-2018 17:41:12.768 INFO [Thread-5] org.apache.coyote.AbstractProtocol.pause Pausing ProtocolHandler ["http-nio-80"]
03-Jul-2018 17:41:12.924 INFO [Thread-5] org.apache.coyote.AbstractProtocol.pause Pausing ProtocolHandler ["ajp-nio-8009"]
03-Jul-2018 17:41:13.034 INFO [Thread-5] org.apache.catalina.core.StandardService.stopInternal Stopping service Catalina
03-Jul-2018 17:41:13.440 WARNING [localhost-startStop-2] org.apache.catalina.loader.WebappClassLoaderBase.clearReferencesJdbc The web application [EXXO] registered the JDBC driver [org.postgresql.Driver] but failed to unregister it when the web application was stopped. To prevent a memory leak, the JDBC Driver has been forcibly unregistered.
03-Jul-2018 17:41:13.487 INFO [Thread-5] org.apache.coyote.AbstractProtocol.stop Stopping ProtocolHandler ["http-nio-80"]
03-Jul-2018 17:41:13.487 INFO [Thread-5] org.apache.coyote.AbstractProtocol.stop Stopping ProtocolHandler ["ajp-nio-8009"]
03-Jul-2018 17:41:13.518 INFO [Thread-5] org.apache.coyote.AbstractProtocol.destroy Destroying ProtocolHandler ["http-nio-80"]
03-Jul-2018 17:41:13.518 INFO [Thread-5] org.apache.coyote.AbstractProtocol.destroy Destroying ProtocolHandler ["ajp-nio-8009"]
03-Jul-2018 17:41:35.260 INFO [main] org.apache.catalina.core.AprLifecycleListener.lifecycleEvent The APR based Apache Tomcat Native library which allows optimal performance in production environments was not found on the java.library.path: C:\Users\irkan\Desktop\SVN_Intranet\jdk\bin;C:\Windows\Sun\Java\bin;C:\Windows\system32;C:\Windows;C:\Users\irkan\Desktop\SVN_Intranet\pgsql\bin;C:\Users\irkan\Desktop\SVN_Intranet\jdk\bin;C:\Users\irkan\Desktop\SVN_Intranet\ant-1.8.2\bin;C:\Windows\system32;C:\Windows;C:\Windows\System32\Wbem;C:\Windows\System32\WindowsPowerShell\v1.0\;C:\Program Files\TortoiseSVN\bin;C:\Program Files\PuTTY\;.
03-Jul-2018 17:41:35.776 INFO [main] org.apache.coyote.AbstractProtocol.init Initializing ProtocolHandler ["http-nio-80"]
03-Jul-2018 17:41:36.104 INFO [main] org.apache.tomcat.util.net.NioSelectorPool.getSharedSelector Using a shared selector for servlet write/read
03-Jul-2018 17:41:36.104 INFO [main] org.apache.coyote.AbstractProtocol.init Initializing ProtocolHandler ["ajp-nio-8009"]
03-Jul-2018 17:41:36.104 INFO [main] org.apache.tomcat.util.net.NioSelectorPool.getSharedSelector Using a shared selector for servlet write/read
03-Jul-2018 17:41:36.104 INFO [main] org.apache.catalina.startup.Catalina.load Initialization processed in 2344 ms
03-Jul-2018 17:41:36.182 INFO [main] org.apache.catalina.core.StandardService.startInternal Starting service Catalina
03-Jul-2018 17:41:36.198 INFO [main] org.apache.catalina.core.StandardEngine.startInternal Starting Servlet Engine: Apache Tomcat/8.5.9
03-Jul-2018 17:41:36.401 INFO [localhost-startStop-1] org.apache.catalina.startup.HostConfig.deployDirectory Deploying web application directory C:\Users\irkan\Desktop\SVN_Intranet\tomcat\webapps\EXXO
03-Jul-2018 17:41:36.464 WARNING [localhost-startStop-1] org.apache.catalina.startup.SetContextPropertiesRule.begin [SetContextPropertiesRule]{Context} Setting property 'anantiJARLocking' to 'true' did not find a matching property.
03-Jul-2018 17:41:41.917 INFO [localhost-startStop-1] org.apache.jasper.servlet.TldScanner.scanJars At least one JAR was scanned for TLDs yet contained no TLDs. Enable debug logging for this logger for a complete list of JARs that were scanned but no TLDs were found in them. Skipping unneeded JARs during scanning can improve startup time and JSP compilation time.
03-Jul-2018 17:41:42.104 INFO [localhost-startStop-1] com.sun.faces.config.ConfigureListener.contextInitialized Initializing Mojarra 2.2.8 ( 20140814-1418 https://svn.java.net/svn/mojarra~svn/tags/2.2.8@13507) for context '/EXXO'
03-Jul-2018 17:41:42.589 INFO [localhost-startStop-1] com.sun.faces.spi.InjectionProviderFactory.createInstance JSF1048: PostConstruct/PreDestroy annotations present.  ManagedBeans methods marked with these annotations will have said annotations processed.
03-Jul-2018 17:41:44.417 INFO [localhost-startStop-1] org.primefaces.webapp.PostConstructApplicationEventListener.processEvent Running on PrimeFaces 5.3
03-Jul-2018 17:41:44.948 INFO [localhost-startStop-1] org.apache.catalina.startup.HostConfig.deployDirectory Deployment of web application directory C:\Users\irkan\Desktop\SVN_Intranet\tomcat\webapps\EXXO has finished in 8,547 ms
03-Jul-2018 17:41:44.948 INFO [localhost-startStop-1] org.apache.catalina.startup.HostConfig.deployDirectory Deploying web application directory C:\Users\irkan\Desktop\SVN_Intranet\tomcat\webapps\FILES
03-Jul-2018 17:41:44.948 WARNING [localhost-startStop-1] org.apache.catalina.startup.SetContextPropertiesRule.begin [SetContextPropertiesRule]{Context} Setting property 'antiJARLocking' to 'true' did not find a matching property.
03-Jul-2018 17:41:45.120 INFO [localhost-startStop-1] org.apache.jasper.servlet.TldScanner.scanJars At least one JAR was scanned for TLDs yet contained no TLDs. Enable debug logging for this logger for a complete list of JARs that were scanned but no TLDs were found in them. Skipping unneeded JARs during scanning can improve startup time and JSP compilation time.
03-Jul-2018 17:41:45.136 INFO [localhost-startStop-1] org.apache.catalina.startup.HostConfig.deployDirectory Deployment of web application directory C:\Users\irkan\Desktop\SVN_Intranet\tomcat\webapps\FILES has finished in 188 ms
03-Jul-2018 17:41:45.136 INFO [localhost-startStop-1] org.apache.catalina.startup.HostConfig.deployDirectory Deploying web application directory C:\Users\irkan\Desktop\SVN_Intranet\tomcat\webapps\ROOT
03-Jul-2018 17:41:45.136 WARNING [localhost-startStop-1] org.apache.catalina.startup.SetContextPropertiesRule.begin [SetContextPropertiesRule]{Context} Setting property 'antiJARLocking' to 'true' did not find a matching property.
03-Jul-2018 17:41:45.276 INFO [localhost-startStop-1] org.apache.jasper.servlet.TldScanner.scanJars At least one JAR was scanned for TLDs yet contained no TLDs. Enable debug logging for this logger for a complete list of JARs that were scanned but no TLDs were found in them. Skipping unneeded JARs during scanning can improve startup time and JSP compilation time.
03-Jul-2018 17:41:45.292 INFO [localhost-startStop-1] org.apache.catalina.startup.HostConfig.deployDirectory Deployment of web application directory C:\Users\irkan\Desktop\SVN_Intranet\tomcat\webapps\ROOT has finished in 156 ms
03-Jul-2018 17:41:45.292 INFO [localhost-startStop-1] org.apache.catalina.startup.HostConfig.deployDirectory Deploying web application directory C:\Users\irkan\Desktop\SVN_Intranet\tomcat\webapps\START
03-Jul-2018 17:41:45.292 WARNING [localhost-startStop-1] org.apache.catalina.startup.SetContextPropertiesRule.begin [SetContextPropertiesRule]{Context} Setting property 'antiJARLocking' to 'true' did not find a matching property.
03-Jul-2018 17:41:46.401 INFO [localhost-startStop-1] org.apache.jasper.servlet.TldScanner.scanJars At least one JAR was scanned for TLDs yet contained no TLDs. Enable debug logging for this logger for a complete list of JARs that were scanned but no TLDs were found in them. Skipping unneeded JARs during scanning can improve startup time and JSP compilation time.
03-Jul-2018 17:41:46.511 INFO [localhost-startStop-1] com.sun.faces.config.ConfigureListener.contextInitialized Initializing Mojarra 2.2.7 ( 20140610-1547 https://svn.java.net/svn/mojarra~svn/tags/2.2.7@13362) for context '/START'
03-Jul-2018 17:41:46.698 INFO [localhost-startStop-1] com.sun.faces.spi.InjectionProviderFactory.createInstance JSF1048: PostConstruct/PreDestroy annotations present.  ManagedBeans methods marked with these annotations will have said annotations processed.
03-Jul-2018 17:41:47.448 INFO [localhost-startStop-1] org.apache.catalina.startup.HostConfig.deployDirectory Deployment of web application directory C:\Users\irkan\Desktop\SVN_Intranet\tomcat\webapps\START has finished in 2,156 ms
03-Jul-2018 17:41:47.448 INFO [localhost-startStop-1] org.apache.catalina.startup.HostConfig.deployDirectory Deploying web application directory C:\Users\irkan\Desktop\SVN_Intranet\tomcat\webapps\WELLCOME
03-Jul-2018 17:41:47.448 WARNING [localhost-startStop-1] org.apache.catalina.startup.SetContextPropertiesRule.begin [SetContextPropertiesRule]{Context} Setting property 'antiJARLocking' to 'true' did not find a matching property.
03-Jul-2018 17:41:48.808 INFO [localhost-startStop-1] org.apache.jasper.servlet.TldScanner.scanJars At least one JAR was scanned for TLDs yet contained no TLDs. Enable debug logging for this logger for a complete list of JARs that were scanned but no TLDs were found in them. Skipping unneeded JARs during scanning can improve startup time and JSP compilation time.
03-Jul-2018 17:41:48.933 INFO [localhost-startStop-1] com.sun.faces.config.ConfigureListener.contextInitialized Initializing Mojarra 2.2.7 ( 20140610-1547 https://svn.java.net/svn/mojarra~svn/tags/2.2.7@13362) for context '/WELLCOME'
03-Jul-2018 17:41:49.058 INFO [localhost-startStop-1] com.sun.faces.spi.InjectionProviderFactory.createInstance JSF1048: PostConstruct/PreDestroy annotations present.  ManagedBeans methods marked with these annotations will have said annotations processed.
03-Jul-2018 17:41:50.198 INFO [localhost-startStop-1] org.apache.catalina.startup.HostConfig.deployDirectory Deployment of web application directory C:\Users\irkan\Desktop\SVN_Intranet\tomcat\webapps\WELLCOME has finished in 2,750 ms
03-Jul-2018 17:41:50.214 INFO [main] org.apache.coyote.AbstractProtocol.start Starting ProtocolHandler [http-nio-80]
03-Jul-2018 17:41:50.230 INFO [main] org.apache.coyote.AbstractProtocol.start Starting ProtocolHandler [ajp-nio-8009]
03-Jul-2018 17:41:50.230 INFO [main] org.apache.catalina.startup.Catalina.start Server startup in 14123 ms
