2018-04-23 07:01:33 GMT LOG:  database system was shut down at 2018-04-23 07:01:11 GMT
2018-04-23 07:01:33 GMT LOG:  MultiXact member wraparound protections are now enabled
2018-04-23 07:01:33 GMT LOG:  database system is ready to accept connections
2018-04-23 07:01:33 GMT LOG:  autovacuum launcher started
2018-04-23 07:05:17 GMT LOG:  could not receive data from client: An existing connection was forcibly closed by the remote host.
	
2018-04-23 07:05:17 GMT LOG:  could not receive data from client: An existing connection was forcibly closed by the remote host.
	
2018-04-23 07:05:17 GMT LOG:  could not receive data from client: An existing connection was forcibly closed by the remote host.
	
2018-04-23 07:05:17 GMT LOG:  could not receive data from client: An existing connection was forcibly closed by the remote host.
	
2018-04-23 07:05:17 GMT LOG:  could not receive data from client: An existing connection was forcibly closed by the remote host.
	
2018-04-23 07:05:17 GMT LOG:  could not receive data from client: An existing connection was forcibly closed by the remote host.
	
2018-04-23 07:05:17 GMT LOG:  could not receive data from client: An existing connection was forcibly closed by the remote host.
	
2018-04-23 07:05:17 GMT LOG:  could not receive data from client: An existing connection was forcibly closed by the remote host.
	
2018-04-23 07:05:17 GMT LOG:  could not receive data from client: An existing connection was forcibly closed by the remote host.
	
2018-04-23 07:05:27 GMT LOG:  received fast shutdown request
2018-04-23 07:05:27 GMT LOG:  aborting any active transactions
2018-04-23 07:05:27 GMT LOG:  autovacuum launcher shutting down
2018-04-23 07:05:27 GMT ERROR:  canceling statement due to user request
2018-04-23 07:05:27 GMT LOG:  autovacuum launcher shutting down
2018-04-23 07:05:28 GMT LOG:  shutting down
2018-04-23 07:05:28 GMT LOG:  database system is shut down
