2018-04-23 06:51:19 GMT LOG:  database system was shut down at 2018-04-23 06:51:00 GMT
2018-04-23 06:51:19 GMT LOG:  MultiXact member wraparound protections are now enabled
2018-04-23 06:51:19 GMT LOG:  autovacuum launcher started
2018-04-23 06:51:19 GMT LOG:  database system is ready to accept connections
2018-04-23 06:54:30 GMT LOG:  could not receive data from client: An existing connection was forcibly closed by the remote host.
	
2018-04-23 06:54:30 GMT LOG:  could not receive data from client: An existing connection was forcibly closed by the remote host.
	
2018-04-23 06:54:30 GMT LOG:  could not receive data from client: An existing connection was forcibly closed by the remote host.
	
2018-04-23 06:54:30 GMT LOG:  could not receive data from client: An existing connection was forcibly closed by the remote host.
	
2018-04-23 06:54:30 GMT LOG:  could not receive data from client: An existing connection was forcibly closed by the remote host.
	
2018-04-23 06:54:30 GMT LOG:  could not receive data from client: An existing connection was forcibly closed by the remote host.
	
2018-04-23 06:54:30 GMT LOG:  could not receive data from client: An existing connection was forcibly closed by the remote host.
	
2018-04-23 06:54:30 GMT LOG:  could not receive data from client: An existing connection was forcibly closed by the remote host.
	
2018-04-23 06:54:30 GMT LOG:  could not receive data from client: An existing connection was forcibly closed by the remote host.
	
2018-04-23 06:54:30 GMT LOG:  could not receive data from client: An existing connection was forcibly closed by the remote host.
	
2018-04-23 06:54:30 GMT LOG:  could not receive data from client: An existing connection was forcibly closed by the remote host.
	
2018-04-23 06:54:30 GMT LOG:  could not receive data from client: An existing connection was forcibly closed by the remote host.
	
2018-04-23 06:54:30 GMT LOG:  could not receive data from client: An existing connection was forcibly closed by the remote host.
	
2018-04-23 06:54:30 GMT LOG:  could not receive data from client: An existing connection was forcibly closed by the remote host.
	
2018-04-23 06:54:30 GMT LOG:  could not receive data from client: An existing connection was forcibly closed by the remote host.
	
2018-04-23 06:54:30 GMT LOG:  could not receive data from client: An existing connection was forcibly closed by the remote host.
	
2018-04-23 06:54:30 GMT LOG:  could not receive data from client: An existing connection was forcibly closed by the remote host.
	
2018-04-23 06:54:30 GMT LOG:  could not receive data from client: An existing connection was forcibly closed by the remote host.
	
2018-04-23 06:54:30 GMT LOG:  could not receive data from client: An existing connection was forcibly closed by the remote host.
	
2018-04-23 06:54:32 GMT LOG:  received fast shutdown request
2018-04-23 06:54:32 GMT LOG:  aborting any active transactions
2018-04-23 06:54:32 GMT LOG:  autovacuum launcher shutting down
2018-04-23 06:54:32 GMT ERROR:  canceling statement due to user request
2018-04-23 06:54:32 GMT LOG:  autovacuum launcher shutting down
2018-04-23 06:54:32 GMT LOG:  shutting down
2018-04-23 06:54:32 GMT LOG:  database system is shut down
