2018-09-11 07:05:44 GMT ERROR:  more than one row returned by a subquery used as an expression
2018-09-11 07:05:44 GMT CONTEXT:  SQL statement "SELECT (SELECT id FROM employee WHERE head=1 AND unit=u)"
	PL/pgSQL function isboss(integer,integer) line 1 at assignment
	SQL statement "SELECT NOT isBoss(emp,(SELECT id FROM employee WHERE global_id=u)) AND NOT isGroupBoss(get_global(emp), u) AND NOT isProjectBoss(get_global(emp), u)"
	PL/pgSQL function issignable(integer,integer,integer[],integer) line 1 at IF
2018-09-11 07:05:44 GMT STATEMENT:  SELECT files.id, files.owner, files.name, get_fio(files.owner), files.fname, files.descr, isBlogPermitted (dopusk_type, dopusk, 724::Int) AS permitted, type, properTime(files.created) AS create, files.superior AS superior,  catalog_name(superior),dopusk_type,sizeico, dopusk, vers, properTime(files_vers.created) AS versCreated, ver_id, status, step, files.id = files.copy AS isCopy, copy,isSignable(files.id,dopusk_type,dopusk,owner) AS isSignable, isSignedBy(ver_id,46) AS isSigned, author, get_fio(author) AS author_fio, author is not null AS has_author, isHead(files.owner) AS isHead FROM files, files_vers WHERE file='1' AND files.copy=files_vers.id  AND files.id='280'  ORDER BY files_vers.created DESC LIMIT 1
2018-09-11 07:05:55 GMT ERROR:  more than one row returned by a subquery used as an expression
2018-09-11 07:05:55 GMT CONTEXT:  SQL statement "SELECT (SELECT id FROM employee WHERE head=1 AND unit=u)"
	PL/pgSQL function isboss(integer,integer) line 1 at assignment
	SQL statement "SELECT NOT isBoss(emp,(SELECT id FROM employee WHERE global_id=u)) AND NOT isGroupBoss(get_global(emp), u) AND NOT isProjectBoss(get_global(emp), u)"
	PL/pgSQL function issignable(integer,integer,integer[],integer) line 1 at IF
2018-09-11 07:05:55 GMT STATEMENT:  SELECT files.id, files.owner, files.name, get_fio(files.owner), files.fname, files.descr, isBlogPermitted (dopusk_type, dopusk, 724::Int) AS permitted, type, properTime(files.created) AS create, files.superior AS superior,  catalog_name(superior),dopusk_type,sizeico, dopusk, vers, properTime(files_vers.created) AS versCreated, ver_id, status, step, files.id = files.copy AS isCopy, copy,isSignable(files.id,dopusk_type,dopusk,owner) AS isSignable, isSignedBy(ver_id,46) AS isSigned, author, get_fio(author) AS author_fio, author is not null AS has_author, isHead(files.owner) AS isHead FROM files, files_vers WHERE file='1' AND files.copy=files_vers.id  AND files.id='280'  ORDER BY files_vers.created DESC LIMIT 1
2018-09-11 07:08:35 GMT ERROR:  more than one row returned by a subquery used as an expression
2018-09-11 07:08:35 GMT CONTEXT:  SQL statement "SELECT (SELECT id FROM employee WHERE head=1 AND unit=u)"
	PL/pgSQL function isboss(integer,integer) line 1 at assignment
	SQL statement "SELECT NOT isBoss(emp,(SELECT id FROM employee WHERE global_id=u)) AND NOT isGroupBoss(get_global(emp), u) AND NOT isProjectBoss(get_global(emp), u)"
	PL/pgSQL function issignable(integer,integer,integer[],integer) line 1 at IF
2018-09-11 07:08:35 GMT STATEMENT:  SELECT files.id, files.owner, files.name, get_fio(files.owner), files.fname, files.descr, isBlogPermitted (dopusk_type, dopusk, 724::Int) AS permitted, type, properTime(files.created) AS create, files.superior AS superior,  catalog_name(superior),dopusk_type,sizeico, dopusk, vers, properTime(files_vers.created) AS versCreated, ver_id, status, step, files.id = files.copy AS isCopy, copy,isSignable(files.id,dopusk_type,dopusk,owner) AS isSignable, isSignedBy(ver_id,46) AS isSigned, author, get_fio(author) AS author_fio, author is not null AS has_author, isHead(files.owner) AS isHead FROM files, files_vers WHERE file='1' AND files.copy=files_vers.id  AND files.id='280'  ORDER BY files_vers.created DESC LIMIT 1
2018-09-11 07:08:49 GMT ERROR:  more than one row returned by a subquery used as an expression
2018-09-11 07:08:49 GMT CONTEXT:  SQL statement "SELECT (SELECT id FROM employee WHERE head=1 AND unit=u)"
	PL/pgSQL function isboss(integer,integer) line 1 at assignment
	SQL statement "SELECT NOT isBoss(emp,(SELECT id FROM employee WHERE global_id=u)) AND NOT isGroupBoss(get_global(emp), u) AND NOT isProjectBoss(get_global(emp), u)"
	PL/pgSQL function issignable(integer,integer,integer[],integer) line 1 at IF
2018-09-11 07:08:49 GMT STATEMENT:  SELECT files.id, files.owner, files.name, get_fio(files.owner), files.fname, files.descr, isBlogPermitted (dopusk_type, dopusk, 724::Int) AS permitted, type, properTime(files.created) AS create, files.superior AS superior,  catalog_name(superior),dopusk_type,sizeico, dopusk, vers, properTime(files_vers.created) AS versCreated, ver_id, status, step, files.id = files.copy AS isCopy, copy,isSignable(files.id,dopusk_type,dopusk,owner) AS isSignable, isSignedBy(ver_id,46) AS isSigned, author, get_fio(author) AS author_fio, author is not null AS has_author, isHead(files.owner) AS isHead FROM files, files_vers WHERE file='1' AND files.copy=files_vers.id  AND files.id='280'  ORDER BY files_vers.created DESC LIMIT 1
2018-09-11 07:27:26 GMT ERROR:  more than one row returned by a subquery used as an expression
2018-09-11 07:27:26 GMT CONTEXT:  SQL statement "SELECT (SELECT id FROM employee WHERE head=1 AND unit=u)"
	PL/pgSQL function isboss(integer,integer) line 1 at assignment
	SQL statement "SELECT NOT isBoss(emp,(SELECT id FROM employee WHERE global_id=u)) AND NOT isGroupBoss(get_global(emp), u) AND NOT isProjectBoss(get_global(emp), u)"
	PL/pgSQL function issignable(integer,integer,integer[],integer) line 1 at IF
2018-09-11 07:27:26 GMT STATEMENT:  SELECT files.id, files.owner, files.name, get_fio(files.owner), files.fname, files.descr, isBlogPermitted (dopusk_type, dopusk, 724::Int) AS permitted, type, properTime(files.created) AS create, files.superior AS superior,  catalog_name(superior),dopusk_type,sizeico, dopusk, vers, properTime(files_vers.created) AS versCreated, ver_id, status, step, files.id = files.copy AS isCopy, copy,isSignable(files.id,dopusk_type,dopusk,owner) AS isSignable, isSignedBy(ver_id,46) AS isSigned, author, get_fio(author) AS author_fio, author is not null AS has_author, isHead(files.owner) AS isHead FROM files, files_vers WHERE file='1' AND files.copy=files_vers.id  AND files.id='280'  ORDER BY files_vers.created DESC LIMIT 1
2018-09-11 07:28:54 GMT ERROR:  more than one row returned by a subquery used as an expression
2018-09-11 07:28:54 GMT CONTEXT:  SQL statement "SELECT (SELECT id FROM employee WHERE head=1 AND unit=u)"
	PL/pgSQL function isboss(integer,integer) line 1 at assignment
	SQL statement "SELECT NOT isBoss(emp,(SELECT id FROM employee WHERE global_id=u)) AND NOT isGroupBoss(get_global(emp), u) AND NOT isProjectBoss(get_global(emp), u)"
	PL/pgSQL function issignable(integer,integer,integer[],integer) line 1 at IF
2018-09-11 07:28:54 GMT STATEMENT:  SELECT files.id, files.owner, files.name, get_fio(files.owner), files.fname, files.descr, isBlogPermitted (dopusk_type, dopusk, 724::Int) AS permitted, type, properTime(files.created) AS create, files.superior AS superior,  catalog_name(superior),dopusk_type,sizeico, dopusk, vers, properTime(files_vers.created) AS versCreated, ver_id, status, step, files.id = files.copy AS isCopy, copy,isSignable(files.id,dopusk_type,dopusk,owner) AS isSignable, isSignedBy(ver_id,46) AS isSigned, author, get_fio(author) AS author_fio, author is not null AS has_author, isHead(files.owner) AS isHead FROM files, files_vers WHERE file='1' AND files.copy=files_vers.id  AND files.id='280'  ORDER BY files_vers.created DESC LIMIT 1
2018-09-11 07:30:21 GMT ERROR:  more than one row returned by a subquery used as an expression
2018-09-11 07:30:21 GMT CONTEXT:  SQL statement "SELECT (SELECT id FROM employee WHERE head=1 AND unit=u)"
	PL/pgSQL function isboss(integer,integer) line 1 at assignment
	SQL statement "SELECT NOT isBoss(emp,(SELECT id FROM employee WHERE global_id=u)) AND NOT isGroupBoss(get_global(emp), u) AND NOT isProjectBoss(get_global(emp), u)"
	PL/pgSQL function issignable(integer,integer,integer[],integer) line 1 at IF
2018-09-11 07:30:21 GMT STATEMENT:  SELECT files.id, files.owner, files.name, get_fio(files.owner), files.fname, files.descr, isBlogPermitted (dopusk_type, dopusk, 724::Int) AS permitted, type, properTime(files.created) AS create, files.superior AS superior,  catalog_name(superior),dopusk_type,sizeico, dopusk, vers, properTime(files_vers.created) AS versCreated, ver_id, status, step, files.id = files.copy AS isCopy, copy,isSignable(files.id,dopusk_type,dopusk,owner) AS isSignable, isSignedBy(ver_id,46) AS isSigned, author, get_fio(author) AS author_fio, author is not null AS has_author, isHead(files.owner) AS isHead FROM files, files_vers WHERE file='1' AND files.copy=files_vers.id  AND files.id='282'  ORDER BY files_vers.created DESC LIMIT 1
2018-09-11 07:31:23 GMT ERROR:  more than one row returned by a subquery used as an expression
2018-09-11 07:31:23 GMT CONTEXT:  SQL statement "SELECT (SELECT id FROM employee WHERE head=1 AND unit=u)"
	PL/pgSQL function isboss(integer,integer) line 1 at assignment
	SQL statement "SELECT NOT isBoss(emp,(SELECT id FROM employee WHERE global_id=u)) AND NOT isGroupBoss(get_global(emp), u) AND NOT isProjectBoss(get_global(emp), u)"
	PL/pgSQL function issignable(integer,integer,integer[],integer) line 1 at IF
2018-09-11 07:31:23 GMT STATEMENT:  SELECT files.id, files.owner, files.name, get_fio(files.owner), files.fname, files.descr, isBlogPermitted (dopusk_type, dopusk, 724::Int) AS permitted, type, properTime(files.created) AS create, files.superior AS superior,  catalog_name(superior),dopusk_type,sizeico, dopusk, vers, properTime(files_vers.created) AS versCreated, ver_id, status, step, files.id = files.copy AS isCopy, copy,isSignable(files.id,dopusk_type,dopusk,owner) AS isSignable, isSignedBy(ver_id,46) AS isSigned, author, get_fio(author) AS author_fio, author is not null AS has_author, isHead(files.owner) AS isHead FROM files, files_vers WHERE file='1' AND files.copy=files_vers.id  AND files.id='283'  ORDER BY files_vers.created DESC LIMIT 1
2018-09-11 07:31:31 GMT ERROR:  more than one row returned by a subquery used as an expression
2018-09-11 07:31:31 GMT CONTEXT:  SQL statement "SELECT (SELECT id FROM employee WHERE head=1 AND unit=u)"
	PL/pgSQL function isboss(integer,integer) line 1 at assignment
	SQL statement "SELECT NOT isBoss(emp,(SELECT id FROM employee WHERE global_id=u)) AND NOT isGroupBoss(get_global(emp), u) AND NOT isProjectBoss(get_global(emp), u)"
	PL/pgSQL function issignable(integer,integer,integer[],integer) line 1 at IF
2018-09-11 07:31:31 GMT STATEMENT:  SELECT files.id, files.owner, files.name, get_fio(files.owner), files.fname, files.descr, isBlogPermitted (dopusk_type, dopusk, 724::Int) AS permitted, type, properTime(files.created) AS create, files.superior AS superior,  catalog_name(superior),dopusk_type,sizeico, dopusk, vers, properTime(files_vers.created) AS versCreated, ver_id, status, step, files.id = files.copy AS isCopy, copy,isSignable(files.id,dopusk_type,dopusk,owner) AS isSignable, isSignedBy(ver_id,46) AS isSigned, author, get_fio(author) AS author_fio, author is not null AS has_author, isHead(files.owner) AS isHead FROM files, files_vers WHERE file='1' AND files.copy=files_vers.id  AND files.id='283'  ORDER BY files_vers.created DESC LIMIT 1
2018-09-11 08:04:01 GMT ERROR:  more than one row returned by a subquery used as an expression
2018-09-11 08:04:01 GMT CONTEXT:  SQL statement "SELECT (SELECT id FROM employee WHERE head=1 AND unit=u)"
	PL/pgSQL function isboss(integer,integer) line 1 at assignment
	SQL statement "SELECT NOT isBoss(emp,(SELECT id FROM employee WHERE global_id=u)) AND NOT isGroupBoss(get_global(emp), u) AND NOT isProjectBoss(get_global(emp), u)"
	PL/pgSQL function issignable(integer,integer,integer[],integer) line 1 at IF
2018-09-11 08:04:01 GMT STATEMENT:  SELECT files.id, files.owner, files.name, get_fio(files.owner), files.fname, files.descr, isBlogPermitted (dopusk_type, dopusk, 724::Int) AS permitted, type, properTime(files.created) AS create, files.superior AS superior,  catalog_name(superior),dopusk_type,sizeico, dopusk, vers, properTime(files_vers.created) AS versCreated, ver_id, status, step, files.id = files.copy AS isCopy, copy,isSignable(files.id,dopusk_type,dopusk,owner) AS isSignable, isSignedBy(ver_id,46) AS isSigned, author, get_fio(author) AS author_fio, author is not null AS has_author, isHead(files.owner) AS isHead FROM files, files_vers WHERE file='1' AND files.copy=files_vers.id  AND files.id='284'  ORDER BY files_vers.created DESC LIMIT 1
2018-09-11 08:43:00 GMT ERROR:  more than one row returned by a subquery used as an expression
2018-09-11 08:43:00 GMT CONTEXT:  SQL statement "SELECT (SELECT id FROM employee WHERE head=1 AND unit=u)"
	PL/pgSQL function isboss(integer,integer) line 1 at assignment
	SQL statement "SELECT NOT isBoss(emp,(SELECT id FROM employee WHERE global_id=u)) AND NOT isGroupBoss(get_global(emp), u) AND NOT isProjectBoss(get_global(emp), u)"
	PL/pgSQL function issignable(integer,integer,integer[],integer) line 1 at IF
2018-09-11 08:43:00 GMT STATEMENT:  SELECT files.id, files.owner, files.name, get_fio(files.owner), files.fname, files.descr, isBlogPermitted (dopusk_type, dopusk, 724::Int) AS permitted, type, properTime(files.created) AS create, files.superior AS superior,  catalog_name(superior),dopusk_type,sizeico, dopusk, vers, properTime(files_vers.created) AS versCreated, ver_id, status, step, files.id = files.copy AS isCopy, copy,isSignable(files.id,dopusk_type,dopusk,owner) AS isSignable, isSignedBy(ver_id,46) AS isSigned, author, get_fio(author) AS author_fio, author is not null AS has_author, isHead(files.owner) AS isHead FROM files, files_vers WHERE file='1' AND files.copy=files_vers.id  AND files.id='284'  ORDER BY files_vers.created DESC LIMIT 1
